
  id: 63a556e0-5a67-45b4-9d02-6f5a4b958deb
  url: /users, query parameters: {}, body: {"name":"tonya","login":"td","password":"1234"}, status code: 201
  
  id: 5fba5207-0aee-4f08-8655-f77011e8d4d2
  url: /users, query parameters: {}, body: null, status code: 200
  
  id: 49a28ad4-57b4-47b7-b448-fae714e92215
  url: /users, query parameters: {}, body: null, status code: 200
  
  id: 0bad8786-cfbd-48a2-8e3a-ade0b5503400
  url: /boards, query parameters: {}, body: null, status code: 200
  
  id: 5fa264e7-b83a-4c10-892e-487a9bae560e
  url: /boards, query parameters: {}, body: null, status code: 200
  
  id: 0808d5b4-a520-4249-91f7-a03759823c62
  url: /boards, query parameters: {}, body: {"title":"Autotest board","columns":[{"title":"Backlog","order":1},{"title":"Sprint","order":2}]}, status code: 201
  
  id: 39c45d98-3d89-4fad-a824-3f1bedce346b
  url: /boards, query parameters: {}, body: null, status code: 200
  
  id: 9354f5b4-187f-4965-939d-88afcd50bd77
  url: /boards, query parameters: {}, body: null, status code: 200
  
  id: c592c9c2-2ae6-4b05-a681-1521293bda23
  url: /boards, query parameters: {}, body: null, status code: 200
  
  id: d1fc432e-d0bb-4e21-831f-6fb9d81e60bb
  url: /boards, query parameters: {}, body: {"title":"Autotest board","columns":[{"title":"Backlog","order":1},{"title":"Sprint","order":2}]}, status code: 201
  
  id: de2bd657-e29a-4e07-ac52-408d16632598
  url: /boards, query parameters: {}, body: null, status code: 200
  
  id: e78e76d3-37c9-42bb-b475-46b1d67a8b2e
  url: /boards, query parameters: {}, body: null, status code: 200
  
  id: ea6e4546-8848-405b-a479-6166da72efea
  url: /boards, query parameters: {}, body: null, status code: 200
  
  id: c653423b-744c-4381-8674-c95bd2e22a38
  url: /boards, query parameters: {}, body: {"title":"Autotest board","columns":[{"title":"Backlog","order":1},{"title":"Sprint","order":2}]}, status code: 201
  
  id: 78f89821-c1c7-479d-96ae-8cd21601267e
  url: /boards, query parameters: {}, body: {"title":"Autotest board","columns":[{"title":"Backlog","order":1},{"title":"Sprint","order":2}]}, status code: 201
  
  id: 9098d2db-a691-4a20-aa7d-4ff3d291f6c1
  url: /boards, query parameters: {}, body: {"title":"Autotest board","columns":[{"title":"Backlog","order":1},{"title":"Sprint","order":2}]}, status code: 201
  
  id: e39f8160-d7c1-4929-bdb9-3b08177aaf32
  url: /boards, query parameters: {}, body: null, status code: 200
  
  id: 04825d14-8a6f-4234-b43f-b1bb5b9b8141
  url: /boards, query parameters: {}, body: {"title":"Autotest board","columns":[{"title":"Backlog","order":1},{"title":"Sprint","order":2}]}, status code: 201
  
  id: 94de502c-5b98-49f3-9e23-9ac7cee7bb63
  url: /boards, query parameters: {}, body: null, status code: 200
  
  id: f1eaead2-3294-45af-b386-41662b464f9b
  url: /boards, query parameters: {}, body: {"title":"Autotest board","columns":[{"title":"Backlog","order":1},{"title":"Sprint","order":2}]}, status code: 201
  
  id: b8a18825-88e0-4c59-8e4f-2a446a135bf7
  url: /boards, query parameters: {}, body: null, status code: 200
  
  id: d6ca317f-e4af-42bb-bdc1-1272bb5ae956
  url: /boards/b88ff121-8237-4aa2-88fe-be96b0d38814/tasks, query parameters: {"boardId":"b88ff121-8237-4aa2-88fe-be96b0d38814"}, body: null, status code: 200
  
  id: 7f71570a-484c-4212-afba-d3586bcc363e
  url: /users, query parameters: {}, body: null, status code: 200
  
  id: d9d1fe9e-ca25-465b-ab42-4ce5f5d97c7b
  url: /users, query parameters: {}, body: null, status code: 200
  
  id: c0cb3c36-5739-401e-8f0f-7e8420fab9d3
  url: /boards, query parameters: {}, body: null, status code: 200
  
  id: 5b3fcd47-65d8-460d-95aa-1a0501775b0c
  url: /boards/b88ff121-8237-4aa2-88fe-be96b0d38814/tasks, query parameters: {"boardId":"b88ff121-8237-4aa2-88fe-be96b0d38814"}, body: null, status code: 200
  
  id: 085dfc5c-0ef4-4f1a-8436-7b1b712e2eb5
  url: /boards/b88ff121-8237-4aa2-88fe-be96b0d38814/tasks, query parameters: {"boardId":"b88ff121-8237-4aa2-88fe-be96b0d38814"}, body: {"title":"Autotest task","order":0,"description":"Lorem ipsum","userId":"3f387231-2d48-41c8-920f-b2f4f95921df","boardId":"b88ff121-8237-4aa2-88fe-be96b0d38814","columnId":null}, status code: 201
  
  id: 57c28374-a868-4868-ad42-b2d9277e2cb8
  url: /boards/b88ff121-8237-4aa2-88fe-be96b0d38814/tasks, query parameters: {"boardId":"b88ff121-8237-4aa2-88fe-be96b0d38814"}, body: null, status code: 200
  
  id: f92aac81-d975-4e46-922d-dc846a7d18cf
  url: /users, query parameters: {}, body: null, status code: 200
  
  id: 7dfd9b37-368c-42d5-87c9-23edc1b6c25c
  url: /users/3f387231-2d48-41c8-920f-b2f4f95921df, query parameters: {"userId":"3f387231-2d48-41c8-920f-b2f4f95921df"}, body: {"title":"Autotest task","order":0,"description":"Lorem ipsum","userId":"3f387231-2d48-41c8-920f-b2f4f95921df","boardId":"b88ff121-8237-4aa2-88fe-be96b0d38814","columnId":null}, status code: 200
  
  id: c8307cd7-9ffc-4110-8f34-6d0939bfcb05
  url: /users, query parameters: {}, body: null, status code: 200
  
  id: 5aff6bd9-1554-4087-aa9f-1196a56ef521
  url: /boards/b88ff121-8237-4aa2-88fe-be96b0d38814/tasks, query parameters: {"boardId":"b88ff121-8237-4aa2-88fe-be96b0d38814"}, body: null, status code: 200
  
  id: 1c3f38d4-3e4a-4f09-b7a5-672026475999
  url: /boards/b88ff121-8237-4aa2-88fe-be96b0d38814, query parameters: {"boardId":"b88ff121-8237-4aa2-88fe-be96b0d38814"}, body: {"title":"Autotest task","order":0,"description":"Lorem ipsum","userId":"3f387231-2d48-41c8-920f-b2f4f95921df","boardId":"b88ff121-8237-4aa2-88fe-be96b0d38814","columnId":null}, status code: 200
  
  id: c38627ad-969f-44c9-a973-90e46ebafaf4
  url: /boards/b88ff121-8237-4aa2-88fe-be96b0d38814/tasks, query parameters: {"boardId":"b88ff121-8237-4aa2-88fe-be96b0d38814"}, body: null, status code: 200
  